2026-01-27 12:29:12,530 INFO HTTP client started
2026-01-27 12:29:12,530 INFO Redis connection started

2026-01-27 12:29:21,142 INFO Cache miss. Fetching from Jikan...
2026-01-27 12:29:21,142 INFO Fetching Jikan | URL: https://api.jikan.moe/v4/anime?type=tv&order_by=mal_id&status=complete&sfw=true
2026-01-27 12:29:22,016 INFO Fetch successful! | HTTPStatus: 200
2026-01-27 12:29:22,018 INFO Caching query results

2026-01-27 12:29:31,117 INFO Cache hit for https://api.jikan.moe/v4/anime?type=tv&order_by=mal_id&status=complete&sfw=true
2026-01-27 12:29:31,117 INFO Fetching from cache

2026-01-27 12:29:59,982 INFO Cache miss. Fetching from Jikan...
2026-01-27 12:29:59,982 INFO Fetching Jikan | URL: https://api.jikan.moe/v4/manga?type=tv&order_by=mal_id&status=complete&sfw=true
2026-01-27 12:30:00,768 ERROR Upstream HTTP Error: 400
2026-01-27 12:30:00,768 WARNING Caching cancelled: HTTP Status Error Occured
2026-01-27 12:30:00,768 WARNING HTTP Error 400: Jikan Server Error

2026-01-27 12:30:34,424 WARNING User sent bad data: [{'type': 'enum', 'loc': ('body', 'type'), 'msg': "Input should be 'tv', 'movie', 'ova', 'special', 'ona', 'music', 'cm', 'pv' or 'tv_special'", 'input': 'one-shot', 'ctx': {'expected': "'tv', 'movie', 'ova', 'special', 'ona', 'music', 'cm', 'pv' or 'tv_special'"}}]

2026-01-27 12:31:16,510 INFO Cache miss. Fetching from Jikan...
2026-01-27 12:31:16,510 INFO Fetching Jikan | URL: https://api.jikan.moe/v4/anime?type=tv&order_by=mal_id&status=complete&sfw=true
2026-01-27 12:31:17,420 INFO Fetch successful! | HTTPStatus: 200
2026-01-27 12:31:17,420 INFO Caching query results

2026-01-27 12:32:48,794 INFO Cache miss. Fetching from Jikan...
2026-01-27 12:32:48,794 INFO Fetching Jikan | URL: https://api.jikan.moe/v4/anime?type=tv&order_by=popularity&status=complete&sfw=true
2026-01-27 12:32:49,980 INFO Fetch successful! | HTTPStatus: 200
2026-01-27 12:32:49,980 INFO Caching query results

2026-01-27 12:33:01,440 WARNING User sent bad data: [{'type': 'enum', 'loc': ('body', 'status'), 'msg': "Input should be 'airing', 'complete' or 'upcoming'", 'input': 'completde', 'ctx': {'expected': "'airing', 'complete' or 'upcoming'"}}]

2026-01-27 12:33:13,222 INFO Cache miss. Fetching from Jikan...
2026-01-27 12:33:13,222 INFO Fetching Jikan | URL: https://api.jikan.moe/v4/anime?type=tv&order_by=score&status=complete&sfw=true
2026-01-27 12:33:14,140 INFO Fetch successful! | HTTPStatus: 200
2026-01-27 12:33:14,140 INFO Caching query results

2026-01-27 12:33:28,834 INFO Cache miss. Fetching from Jikan...
2026-01-27 12:33:28,834 INFO Fetching Jikan | URL: https://api.jikan.moe/v4/anime?type=tv&order_by=popularity&status=complete&sfw=true
2026-01-27 12:33:29,711 INFO Fetch successful! | HTTPStatus: 200
2026-01-27 12:33:29,711 INFO Caching query results

2026-01-27 12:33:38,301 INFO Cache hit for https://api.jikan.moe/v4/anime?type=tv&order_by=score&status=complete&sfw=true
2026-01-27 12:33:38,301 INFO Fetching from cache

2026-01-27 12:35:28,553 INFO Cache miss. Fetching from Jikan...
2026-01-27 12:35:28,553 INFO Fetching Jikan | URL: https://api.jikan.moe/v4/anime?type=tv&order_by=score&status=complete&sfw=true
2026-01-27 12:35:29,262 INFO Fetch successful! | HTTPStatus: 200
2026-01-27 12:35:29,262 INFO Caching query results

2026-01-27 12:35:51,523 INFO Cache hit for https://api.jikan.moe/v4/anime?type=tv&order_by=score&status=complete&sfw=true
2026-01-27 12:35:51,523 INFO Fetching from cache

2026-01-27 12:35:53,855 INFO Cache miss. Fetching from Jikan...
2026-01-27 12:35:53,856 INFO Fetching Jikan | URL: https://api.jikan.moe/v4/anime?type=tv&order_by=popularity&status=complete&sfw=true
2026-01-27 12:35:54,935 INFO Fetch successful! | HTTPStatus: 200
2026-01-27 12:35:54,935 INFO Caching query results

2026-01-27 12:48:22,841 INFO Redis connection closed
2026-01-27 12:48:22,841 INFO HTTP client closed
